INFO    : PreTeXt project found in `/workspaces/linear-algebra`.
INFO    : downloading YouTube thumbnails from /workspaces/linear-algebra/source/main.ptx for placement in /workspaces/linear-algebra/generated-assets/youtube
INFO    : XSL conversion of /workspaces/linear-algebra/source/main.ptx by /root/.ptx/xsl/extract-youtube.xsl
INFO    : comprehensive messages, warnings, and errors:
INFO    : successful application of /root/.ptx/xsl/extract-youtube.xsl
INFO    : downloading http://i.ytimg.com/vi/kpOK7RhFEiQ/default.jpg as /workspaces/linear-algebra/generated-assets/youtube/video-LE1.jpg...
INFO    : YouTube thumbnail download complete
INFO    : downloading YouTube thumbnails from /workspaces/linear-algebra/source/main.ptx for placement in /workspaces/linear-algebra/generated-assets/youtube
INFO    : XSL conversion of /workspaces/linear-algebra/source/main.ptx by /root/.ptx/xsl/extract-youtube.xsl
INFO    : comprehensive messages, warnings, and errors:
INFO    : successful application of /root/.ptx/xsl/extract-youtube.xsl
INFO    : downloading http://i.ytimg.com/vi/6iGMPpD9Mf8/default.jpg as /workspaces/linear-algebra/generated-assets/youtube/video-LE2.jpg...
INFO    : YouTube thumbnail download complete
INFO    : downloading YouTube thumbnails from /workspaces/linear-algebra/source/main.ptx for placement in /workspaces/linear-algebra/generated-assets/youtube
INFO    : XSL conversion of /workspaces/linear-algebra/source/main.ptx by /root/.ptx/xsl/extract-youtube.xsl
INFO    : comprehensive messages, warnings, and errors:
INFO    : successful application of /root/.ptx/xsl/extract-youtube.xsl
INFO    : downloading http://i.ytimg.com/vi/tkRKPBtkJcw/default.jpg as /workspaces/linear-algebra/generated-assets/youtube/video-LE3.jpg...
INFO    : YouTube thumbnail download complete
INFO    : downloading YouTube thumbnails from /workspaces/linear-algebra/source/main.ptx for placement in /workspaces/linear-algebra/generated-assets/youtube
INFO    : XSL conversion of /workspaces/linear-algebra/source/main.ptx by /root/.ptx/xsl/extract-youtube.xsl
INFO    : comprehensive messages, warnings, and errors:
INFO    : successful application of /root/.ptx/xsl/extract-youtube.xsl
INFO    : downloading http://i.ytimg.com/vi/_ievdPswLoE/default.jpg as /workspaces/linear-algebra/generated-assets/youtube/video-LE4.jpg...
INFO    : YouTube thumbnail download complete
INFO    : downloading YouTube thumbnails from /workspaces/linear-algebra/source/main.ptx for placement in /workspaces/linear-algebra/generated-assets/youtube
INFO    : XSL conversion of /workspaces/linear-algebra/source/main.ptx by /root/.ptx/xsl/extract-youtube.xsl
INFO    : comprehensive messages, warnings, and errors:
INFO    : successful application of /root/.ptx/xsl/extract-youtube.xsl
INFO    : downloading http://i.ytimg.com/vi/wkLa08LwSNs/default.jpg as /workspaces/linear-algebra/generated-assets/youtube/video-EV1.jpg...
INFO    : YouTube thumbnail download complete
INFO    : downloading YouTube thumbnails from /workspaces/linear-algebra/source/main.ptx for placement in /workspaces/linear-algebra/generated-assets/youtube
INFO    : XSL conversion of /workspaces/linear-algebra/source/main.ptx by /root/.ptx/xsl/extract-youtube.xsl
INFO    : comprehensive messages, warnings, and errors:
INFO    : successful application of /root/.ptx/xsl/extract-youtube.xsl
INFO    : downloading http://i.ytimg.com/vi/Mr8LJAPwp1E/default.jpg as /workspaces/linear-algebra/generated-assets/youtube/video-EV2.jpg...
INFO    : YouTube thumbnail download complete
INFO    : downloading YouTube thumbnails from /workspaces/linear-algebra/source/main.ptx for placement in /workspaces/linear-algebra/generated-assets/youtube
INFO    : XSL conversion of /workspaces/linear-algebra/source/main.ptx by /root/.ptx/xsl/extract-youtube.xsl
INFO    : comprehensive messages, warnings, and errors:
INFO    : successful application of /root/.ptx/xsl/extract-youtube.xsl
INFO    : downloading http://i.ytimg.com/vi/ccXgu4NIzSA/default.jpg as /workspaces/linear-algebra/generated-assets/youtube/video-EV3-a.jpg...
INFO    : downloading http://i.ytimg.com/vi/7qv8-2GaE2A/default.jpg as /workspaces/linear-algebra/generated-assets/youtube/video-EV3-b.jpg...
INFO    : YouTube thumbnail download complete
INFO    : downloading YouTube thumbnails from /workspaces/linear-algebra/source/main.ptx for placement in /workspaces/linear-algebra/generated-assets/youtube
INFO    : XSL conversion of /workspaces/linear-algebra/source/main.ptx by /root/.ptx/xsl/extract-youtube.xsl
INFO    : comprehensive messages, warnings, and errors:
INFO    : successful application of /root/.ptx/xsl/extract-youtube.xsl
INFO    : downloading http://i.ytimg.com/vi/EZ9BX1z-H4Y/default.jpg as /workspaces/linear-algebra/generated-assets/youtube/video-EV4.jpg...
INFO    : YouTube thumbnail download complete
INFO    : downloading YouTube thumbnails from /workspaces/linear-algebra/source/main.ptx for placement in /workspaces/linear-algebra/generated-assets/youtube
INFO    : XSL conversion of /workspaces/linear-algebra/source/main.ptx by /root/.ptx/xsl/extract-youtube.xsl
INFO    : comprehensive messages, warnings, and errors:
INFO    : successful application of /root/.ptx/xsl/extract-youtube.xsl
INFO    : downloading http://i.ytimg.com/vi/ayft2QhQ-xM/default.jpg as /workspaces/linear-algebra/generated-assets/youtube/video-EV5.jpg...
INFO    : YouTube thumbnail download complete
INFO    : downloading YouTube thumbnails from /workspaces/linear-algebra/source/main.ptx for placement in /workspaces/linear-algebra/generated-assets/youtube
INFO    : XSL conversion of /workspaces/linear-algebra/source/main.ptx by /root/.ptx/xsl/extract-youtube.xsl
INFO    : comprehensive messages, warnings, and errors:
INFO    : successful application of /root/.ptx/xsl/extract-youtube.xsl
INFO    : downloading http://i.ytimg.com/vi/iMYIbdtspyo/default.jpg as /workspaces/linear-algebra/generated-assets/youtube/video-EV6.jpg...
INFO    : YouTube thumbnail download complete
INFO    : downloading YouTube thumbnails from /workspaces/linear-algebra/source/main.ptx for placement in /workspaces/linear-algebra/generated-assets/youtube
INFO    : XSL conversion of /workspaces/linear-algebra/source/main.ptx by /root/.ptx/xsl/extract-youtube.xsl
INFO    : comprehensive messages, warnings, and errors:
INFO    : successful application of /root/.ptx/xsl/extract-youtube.xsl
INFO    : downloading http://i.ytimg.com/vi/TbN3lvLaNOw/default.jpg as /workspaces/linear-algebra/generated-assets/youtube/video-EV7.jpg...
INFO    : YouTube thumbnail download complete
INFO    : downloading YouTube thumbnails from /workspaces/linear-algebra/source/main.ptx for placement in /workspaces/linear-algebra/generated-assets/youtube
INFO    : XSL conversion of /workspaces/linear-algebra/source/main.ptx by /root/.ptx/xsl/extract-youtube.xsl
INFO    : comprehensive messages, warnings, and errors:
INFO    : successful application of /root/.ptx/xsl/extract-youtube.xsl
INFO    : downloading http://i.ytimg.com/vi/b1BC2rceq44/default.jpg as /workspaces/linear-algebra/generated-assets/youtube/video-AT1-1.jpg...
INFO    : downloading http://i.ytimg.com/vi/Z4tUZgJrCxU/default.jpg as /workspaces/linear-algebra/generated-assets/youtube/video-AT1-2.jpg...
INFO    : YouTube thumbnail download complete
INFO    : downloading YouTube thumbnails from /workspaces/linear-algebra/source/main.ptx for placement in /workspaces/linear-algebra/generated-assets/youtube
INFO    : XSL conversion of /workspaces/linear-algebra/source/main.ptx by /root/.ptx/xsl/extract-youtube.xsl
INFO    : comprehensive messages, warnings, and errors:
INFO    : successful application of /root/.ptx/xsl/extract-youtube.xsl
INFO    : downloading http://i.ytimg.com/vi/37YWYC4VOGk/default.jpg as /workspaces/linear-algebra/generated-assets/youtube/video-AT2.jpg...
INFO    : YouTube thumbnail download complete
INFO    : downloading YouTube thumbnails from /workspaces/linear-algebra/source/main.ptx for placement in /workspaces/linear-algebra/generated-assets/youtube
INFO    : XSL conversion of /workspaces/linear-algebra/source/main.ptx by /root/.ptx/xsl/extract-youtube.xsl
INFO    : comprehensive messages, warnings, and errors:
INFO    : successful application of /root/.ptx/xsl/extract-youtube.xsl
INFO    : downloading http://i.ytimg.com/vi/FGyD1KLFHwc/default.jpg as /workspaces/linear-algebra/generated-assets/youtube/video-AT3-1.jpg...
INFO    : downloading http://i.ytimg.com/vi/ut_1dVFqwXw/default.jpg as /workspaces/linear-algebra/generated-assets/youtube/video-AT3-2.jpg...
INFO    : downloading http://i.ytimg.com/vi/VO2bDSiwbJM/default.jpg as /workspaces/linear-algebra/generated-assets/youtube/video-AT3-3.jpg...
INFO    : downloading http://i.ytimg.com/vi/A0RzdY_g44Y/default.jpg as /workspaces/linear-algebra/generated-assets/youtube/video-AT3-4.jpg...
INFO    : YouTube thumbnail download complete
INFO    : downloading YouTube thumbnails from /workspaces/linear-algebra/source/main.ptx for placement in /workspaces/linear-algebra/generated-assets/youtube
INFO    : XSL conversion of /workspaces/linear-algebra/source/main.ptx by /root/.ptx/xsl/extract-youtube.xsl
INFO    : comprehensive messages, warnings, and errors:
INFO    : successful application of /root/.ptx/xsl/extract-youtube.xsl
INFO    : downloading http://i.ytimg.com/vi/97MK7_QJnhY/default.jpg as /workspaces/linear-algebra/generated-assets/youtube/video-AT4-1.jpg...
INFO    : downloading http://i.ytimg.com/vi/4WN1BQhtkK0/default.jpg as /workspaces/linear-algebra/generated-assets/youtube/video-AT4-2.jpg...
INFO    : YouTube thumbnail download complete
INFO    : downloading YouTube thumbnails from /workspaces/linear-algebra/source/main.ptx for placement in /workspaces/linear-algebra/generated-assets/youtube
INFO    : XSL conversion of /workspaces/linear-algebra/source/main.ptx by /root/.ptx/xsl/extract-youtube.xsl
INFO    : comprehensive messages, warnings, and errors:
INFO    : successful application of /root/.ptx/xsl/extract-youtube.xsl
INFO    : downloading http://i.ytimg.com/vi/7Qv5Sykdv0I/default.jpg as /workspaces/linear-algebra/generated-assets/youtube/video-AT5-1.jpg...
INFO    : downloading http://i.ytimg.com/vi/q6VSE54ogc4/default.jpg as /workspaces/linear-algebra/generated-assets/youtube/video-AT5-2.jpg...
INFO    : YouTube thumbnail download complete
INFO    : downloading YouTube thumbnails from /workspaces/linear-algebra/source/main.ptx for placement in /workspaces/linear-algebra/generated-assets/youtube
INFO    : XSL conversion of /workspaces/linear-algebra/source/main.ptx by /root/.ptx/xsl/extract-youtube.xsl
INFO    : comprehensive messages, warnings, and errors:
INFO    : successful application of /root/.ptx/xsl/extract-youtube.xsl
INFO    : downloading http://i.ytimg.com/vi/yrKAM3QhOPk/default.jpg as /workspaces/linear-algebra/generated-assets/youtube/video-AT6.jpg...
INFO    : YouTube thumbnail download complete
INFO    : downloading YouTube thumbnails from /workspaces/linear-algebra/source/main.ptx for placement in /workspaces/linear-algebra/generated-assets/youtube
INFO    : XSL conversion of /workspaces/linear-algebra/source/main.ptx by /root/.ptx/xsl/extract-youtube.xsl
INFO    : comprehensive messages, warnings, and errors:
INFO    : successful application of /root/.ptx/xsl/extract-youtube.xsl
INFO    : downloading http://i.ytimg.com/vi/xEv2I-6obgM/default.jpg as /workspaces/linear-algebra/generated-assets/youtube/video-MX1.jpg...
INFO    : YouTube thumbnail download complete
INFO    : downloading YouTube thumbnails from /workspaces/linear-algebra/source/main.ptx for placement in /workspaces/linear-algebra/generated-assets/youtube
INFO    : XSL conversion of /workspaces/linear-algebra/source/main.ptx by /root/.ptx/xsl/extract-youtube.xsl
INFO    : comprehensive messages, warnings, and errors:
INFO    : successful application of /root/.ptx/xsl/extract-youtube.xsl
INFO    : downloading http://i.ytimg.com/vi/an-Qo2QEyXU/default.jpg as /workspaces/linear-algebra/generated-assets/youtube/video-MX2-1.jpg...
INFO    : downloading http://i.ytimg.com/vi/9aXvJGwYZ90/default.jpg as /workspaces/linear-algebra/generated-assets/youtube/video-MX2-2.jpg...
INFO    : YouTube thumbnail download complete
INFO    : downloading YouTube thumbnails from /workspaces/linear-algebra/source/main.ptx for placement in /workspaces/linear-algebra/generated-assets/youtube
INFO    : XSL conversion of /workspaces/linear-algebra/source/main.ptx by /root/.ptx/xsl/extract-youtube.xsl
INFO    : comprehensive messages, warnings, and errors:
INFO    : successful application of /root/.ptx/xsl/extract-youtube.xsl
INFO    : downloading http://i.ytimg.com/vi/5kpk67ABLwY/default.jpg as /workspaces/linear-algebra/generated-assets/youtube/video-MX4.jpg...
INFO    : YouTube thumbnail download complete
INFO    : downloading YouTube thumbnails from /workspaces/linear-algebra/source/main.ptx for placement in /workspaces/linear-algebra/generated-assets/youtube
INFO    : XSL conversion of /workspaces/linear-algebra/source/main.ptx by /root/.ptx/xsl/extract-youtube.xsl
INFO    : comprehensive messages, warnings, and errors:
INFO    : successful application of /root/.ptx/xsl/extract-youtube.xsl
INFO    : downloading http://i.ytimg.com/vi/l6aQ4xTCm88/default.jpg as /workspaces/linear-algebra/generated-assets/youtube/video-GT1.jpg...
INFO    : YouTube thumbnail download complete
INFO    : downloading YouTube thumbnails from /workspaces/linear-algebra/source/main.ptx for placement in /workspaces/linear-algebra/generated-assets/youtube
INFO    : XSL conversion of /workspaces/linear-algebra/source/main.ptx by /root/.ptx/xsl/extract-youtube.xsl
INFO    : comprehensive messages, warnings, and errors:
INFO    : successful application of /root/.ptx/xsl/extract-youtube.xsl
INFO    : downloading http://i.ytimg.com/vi/dItnbT4XAlc/default.jpg as /workspaces/linear-algebra/generated-assets/youtube/video-GT2-1.jpg...
INFO    : downloading http://i.ytimg.com/vi/uWU3D4XnDxA/default.jpg as /workspaces/linear-algebra/generated-assets/youtube/video-GT2-2.jpg...
INFO    : YouTube thumbnail download complete
INFO    : downloading YouTube thumbnails from /workspaces/linear-algebra/source/main.ptx for placement in /workspaces/linear-algebra/generated-assets/youtube
INFO    : XSL conversion of /workspaces/linear-algebra/source/main.ptx by /root/.ptx/xsl/extract-youtube.xsl
INFO    : comprehensive messages, warnings, and errors:
INFO    : successful application of /root/.ptx/xsl/extract-youtube.xsl
INFO    : downloading http://i.ytimg.com/vi/wTD3axcZ3Gk/default.jpg as /workspaces/linear-algebra/generated-assets/youtube/video-GT3.jpg...
INFO    : YouTube thumbnail download complete
INFO    : downloading YouTube thumbnails from /workspaces/linear-algebra/source/main.ptx for placement in /workspaces/linear-algebra/generated-assets/youtube
INFO    : XSL conversion of /workspaces/linear-algebra/source/main.ptx by /root/.ptx/xsl/extract-youtube.xsl
INFO    : comprehensive messages, warnings, and errors:
INFO    : successful application of /root/.ptx/xsl/extract-youtube.xsl
INFO    : downloading http://i.ytimg.com/vi/mcr4BfI3Rjc/default.jpg as /workspaces/linear-algebra/generated-assets/youtube/video-GT4.jpg...
INFO    : YouTube thumbnail download complete
INFO    : Generating generic video preview, aka "play button" into /workspaces/linear-algebra/generated-assets/play-button
INFO    : manufacturing QR codes from /workspaces/linear-algebra/source/main.ptx for placement in /workspaces/linear-algebra/generated-assets/qrcode
INFO    : XSL conversion of /workspaces/linear-algebra/source/main.ptx by /root/.ptx/xsl/extract-qrcode.xsl
INFO    : comprehensive messages, warnings, and errors:
INFO    : successful application of /root/.ptx/xsl/extract-qrcode.xsl
INFO    : creating URL with content "https://www.youtube.com/watch?v=_ievdPswLoE" as /workspaces/linear-algebra/generated-assets/qrcode/video-LE4.png...
INFO    : QR code creation complete
INFO    : manufacturing QR codes from /workspaces/linear-algebra/source/main.ptx for placement in /workspaces/linear-algebra/generated-assets/qrcode
INFO    : XSL conversion of /workspaces/linear-algebra/source/main.ptx by /root/.ptx/xsl/extract-qrcode.xsl
INFO    : comprehensive messages, warnings, and errors:
INFO    : successful application of /root/.ptx/xsl/extract-qrcode.xsl
INFO    : creating URL with content "https://www.youtube.com/watch?v=b1BC2rceq44" as /workspaces/linear-algebra/generated-assets/qrcode/video-AT1-1.png...
INFO    : creating URL with content "https://www.youtube.com/watch?v=Z4tUZgJrCxU" as /workspaces/linear-algebra/generated-assets/qrcode/video-AT1-2.png...
INFO    : QR code creation complete
INFO    : manufacturing QR codes from /workspaces/linear-algebra/source/main.ptx for placement in /workspaces/linear-algebra/generated-assets/qrcode
INFO    : XSL conversion of /workspaces/linear-algebra/source/main.ptx by /root/.ptx/xsl/extract-qrcode.xsl
INFO    : comprehensive messages, warnings, and errors:
INFO    : successful application of /root/.ptx/xsl/extract-qrcode.xsl
INFO    : creating URL with content "https://www.youtube.com/watch?v=37YWYC4VOGk" as /workspaces/linear-algebra/generated-assets/qrcode/video-AT2.png...
INFO    : QR code creation complete
INFO    : manufacturing QR codes from /workspaces/linear-algebra/source/main.ptx for placement in /workspaces/linear-algebra/generated-assets/qrcode
INFO    : XSL conversion of /workspaces/linear-algebra/source/main.ptx by /root/.ptx/xsl/extract-qrcode.xsl
INFO    : comprehensive messages, warnings, and errors:
INFO    : successful application of /root/.ptx/xsl/extract-qrcode.xsl
INFO    : creating URL with content "https://www.youtube.com/watch?v=l6aQ4xTCm88" as /workspaces/linear-algebra/generated-assets/qrcode/video-GT1.png...
INFO    : QR code creation complete
INFO    : manufacturing QR codes from /workspaces/linear-algebra/source/main.ptx for placement in /workspaces/linear-algebra/generated-assets/qrcode
INFO    : XSL conversion of /workspaces/linear-algebra/source/main.ptx by /root/.ptx/xsl/extract-qrcode.xsl
INFO    : comprehensive messages, warnings, and errors:
INFO    : successful application of /root/.ptx/xsl/extract-qrcode.xsl
INFO    : creating URL with content "https://www.youtube.com/watch?v=an-Qo2QEyXU" as /workspaces/linear-algebra/generated-assets/qrcode/video-MX2-1.png...
INFO    : creating URL with content "https://www.youtube.com/watch?v=9aXvJGwYZ90" as /workspaces/linear-algebra/generated-assets/qrcode/video-MX2-2.png...
INFO    : QR code creation complete
INFO    : manufacturing QR codes from /workspaces/linear-algebra/source/main.ptx for placement in /workspaces/linear-algebra/generated-assets/qrcode
INFO    : XSL conversion of /workspaces/linear-algebra/source/main.ptx by /root/.ptx/xsl/extract-qrcode.xsl
INFO    : comprehensive messages, warnings, and errors:
INFO    : successful application of /root/.ptx/xsl/extract-qrcode.xsl
INFO    : creating URL with content "https://www.youtube.com/watch?v=ayft2QhQ-xM" as /workspaces/linear-algebra/generated-assets/qrcode/video-EV5.png...
INFO    : QR code creation complete
INFO    : manufacturing QR codes from /workspaces/linear-algebra/source/main.ptx for placement in /workspaces/linear-algebra/generated-assets/qrcode
INFO    : XSL conversion of /workspaces/linear-algebra/source/main.ptx by /root/.ptx/xsl/extract-qrcode.xsl
INFO    : comprehensive messages, warnings, and errors:
INFO    : successful application of /root/.ptx/xsl/extract-qrcode.xsl
INFO    : creating URL with content "https://www.youtube.com/watch?v=7Qv5Sykdv0I" as /workspaces/linear-algebra/generated-assets/qrcode/video-AT5-1.png...
INFO    : creating URL with content "https://www.youtube.com/watch?v=q6VSE54ogc4" as /workspaces/linear-algebra/generated-assets/qrcode/video-AT5-2.png...
INFO    : QR code creation complete
INFO    : manufacturing QR codes from /workspaces/linear-algebra/source/main.ptx for placement in /workspaces/linear-algebra/generated-assets/qrcode
INFO    : XSL conversion of /workspaces/linear-algebra/source/main.ptx by /root/.ptx/xsl/extract-qrcode.xsl
INFO    : comprehensive messages, warnings, and errors:
INFO    : successful application of /root/.ptx/xsl/extract-qrcode.xsl
INFO    : creating URL with content "https://www.youtube.com/watch?v=TbN3lvLaNOw" as /workspaces/linear-algebra/generated-assets/qrcode/video-EV7.png...
INFO    : QR code creation complete
INFO    : manufacturing QR codes from /workspaces/linear-algebra/source/main.ptx for placement in /workspaces/linear-algebra/generated-assets/qrcode
INFO    : XSL conversion of /workspaces/linear-algebra/source/main.ptx by /root/.ptx/xsl/extract-qrcode.xsl
INFO    : comprehensive messages, warnings, and errors:
INFO    : successful application of /root/.ptx/xsl/extract-qrcode.xsl
INFO    : creating URL with content "https://www.youtube.com/watch?v=5kpk67ABLwY" as /workspaces/linear-algebra/generated-assets/qrcode/video-MX4.png...
INFO    : QR code creation complete
INFO    : manufacturing QR codes from /workspaces/linear-algebra/source/main.ptx for placement in /workspaces/linear-algebra/generated-assets/qrcode
INFO    : XSL conversion of /workspaces/linear-algebra/source/main.ptx by /root/.ptx/xsl/extract-qrcode.xsl
INFO    : comprehensive messages, warnings, and errors:
INFO    : successful application of /root/.ptx/xsl/extract-qrcode.xsl
INFO    : creating URL with content "https://www.youtube.com/watch?v=wkLa08LwSNs" as /workspaces/linear-algebra/generated-assets/qrcode/video-EV1.png...
INFO    : QR code creation complete
INFO    : manufacturing QR codes from /workspaces/linear-algebra/source/main.ptx for placement in /workspaces/linear-algebra/generated-assets/qrcode
INFO    : XSL conversion of /workspaces/linear-algebra/source/main.ptx by /root/.ptx/xsl/extract-qrcode.xsl
INFO    : comprehensive messages, warnings, and errors:
INFO    : successful application of /root/.ptx/xsl/extract-qrcode.xsl
INFO    : creating URL with content "https://www.youtube.com/watch?v=kpOK7RhFEiQ" as /workspaces/linear-algebra/generated-assets/qrcode/video-LE1.png...
INFO    : QR code creation complete
INFO    : manufacturing QR codes from /workspaces/linear-algebra/source/main.ptx for placement in /workspaces/linear-algebra/generated-assets/qrcode
INFO    : XSL conversion of /workspaces/linear-algebra/source/main.ptx by /root/.ptx/xsl/extract-qrcode.xsl
INFO    : comprehensive messages, warnings, and errors:
INFO    : successful application of /root/.ptx/xsl/extract-qrcode.xsl
INFO    : creating URL with content "https://www.youtube.com/watch?v=mcr4BfI3Rjc" as /workspaces/linear-algebra/generated-assets/qrcode/video-GT4.png...
INFO    : QR code creation complete
INFO    : manufacturing QR codes from /workspaces/linear-algebra/source/main.ptx for placement in /workspaces/linear-algebra/generated-assets/qrcode
INFO    : XSL conversion of /workspaces/linear-algebra/source/main.ptx by /root/.ptx/xsl/extract-qrcode.xsl
INFO    : comprehensive messages, warnings, and errors:
INFO    : successful application of /root/.ptx/xsl/extract-qrcode.xsl
INFO    : creating URL with content "https://www.youtube.com/watch?v=97MK7_QJnhY" as /workspaces/linear-algebra/generated-assets/qrcode/video-AT4-1.png...
INFO    : creating URL with content "https://www.youtube.com/watch?v=4WN1BQhtkK0" as /workspaces/linear-algebra/generated-assets/qrcode/video-AT4-2.png...
INFO    : QR code creation complete
INFO    : manufacturing QR codes from /workspaces/linear-algebra/source/main.ptx for placement in /workspaces/linear-algebra/generated-assets/qrcode
INFO    : XSL conversion of /workspaces/linear-algebra/source/main.ptx by /root/.ptx/xsl/extract-qrcode.xsl
INFO    : comprehensive messages, warnings, and errors:
INFO    : successful application of /root/.ptx/xsl/extract-qrcode.xsl
INFO    : creating URL with content "https://www.youtube.com/watch?v=wTD3axcZ3Gk" as /workspaces/linear-algebra/generated-assets/qrcode/video-GT3.png...
INFO    : QR code creation complete
INFO    : manufacturing QR codes from /workspaces/linear-algebra/source/main.ptx for placement in /workspaces/linear-algebra/generated-assets/qrcode
INFO    : XSL conversion of /workspaces/linear-algebra/source/main.ptx by /root/.ptx/xsl/extract-qrcode.xsl
INFO    : comprehensive messages, warnings, and errors:
INFO    : successful application of /root/.ptx/xsl/extract-qrcode.xsl
INFO    : creating URL with content "https://www.youtube.com/watch?v=FGyD1KLFHwc" as /workspaces/linear-algebra/generated-assets/qrcode/video-AT3-1.png...
INFO    : creating URL with content "https://www.youtube.com/watch?v=ut_1dVFqwXw" as /workspaces/linear-algebra/generated-assets/qrcode/video-AT3-2.png...
INFO    : creating URL with content "https://www.youtube.com/watch?v=VO2bDSiwbJM" as /workspaces/linear-algebra/generated-assets/qrcode/video-AT3-3.png...
INFO    : creating URL with content "https://www.youtube.com/watch?v=A0RzdY_g44Y" as /workspaces/linear-algebra/generated-assets/qrcode/video-AT3-4.png...
INFO    : QR code creation complete
INFO    : manufacturing QR codes from /workspaces/linear-algebra/source/main.ptx for placement in /workspaces/linear-algebra/generated-assets/qrcode
INFO    : XSL conversion of /workspaces/linear-algebra/source/main.ptx by /root/.ptx/xsl/extract-qrcode.xsl
INFO    : comprehensive messages, warnings, and errors:
INFO    : successful application of /root/.ptx/xsl/extract-qrcode.xsl
INFO    : creating URL with content "https://www.youtube.com/watch?v=ccXgu4NIzSA" as /workspaces/linear-algebra/generated-assets/qrcode/video-EV3-a.png...
INFO    : creating URL with content "https://www.youtube.com/watch?v=7qv8-2GaE2A" as /workspaces/linear-algebra/generated-assets/qrcode/video-EV3-b.png...
INFO    : QR code creation complete
INFO    : manufacturing QR codes from /workspaces/linear-algebra/source/main.ptx for placement in /workspaces/linear-algebra/generated-assets/qrcode
INFO    : XSL conversion of /workspaces/linear-algebra/source/main.ptx by /root/.ptx/xsl/extract-qrcode.xsl
INFO    : comprehensive messages, warnings, and errors:
INFO    : successful application of /root/.ptx/xsl/extract-qrcode.xsl
INFO    : creating URL with content "https://www.youtube.com/watch?v=iMYIbdtspyo" as /workspaces/linear-algebra/generated-assets/qrcode/video-EV6.png...
INFO    : QR code creation complete
INFO    : manufacturing QR codes from /workspaces/linear-algebra/source/main.ptx for placement in /workspaces/linear-algebra/generated-assets/qrcode
INFO    : XSL conversion of /workspaces/linear-algebra/source/main.ptx by /root/.ptx/xsl/extract-qrcode.xsl
INFO    : comprehensive messages, warnings, and errors:
INFO    : successful application of /root/.ptx/xsl/extract-qrcode.xsl
INFO    : creating URL with content "https://www.youtube.com/watch?v=dItnbT4XAlc" as /workspaces/linear-algebra/generated-assets/qrcode/video-GT2-1.png...
INFO    : creating URL with content "https://www.youtube.com/watch?v=uWU3D4XnDxA" as /workspaces/linear-algebra/generated-assets/qrcode/video-GT2-2.png...
INFO    : QR code creation complete
INFO    : manufacturing QR codes from /workspaces/linear-algebra/source/main.ptx for placement in /workspaces/linear-algebra/generated-assets/qrcode
INFO    : XSL conversion of /workspaces/linear-algebra/source/main.ptx by /root/.ptx/xsl/extract-qrcode.xsl
INFO    : comprehensive messages, warnings, and errors:
INFO    : successful application of /root/.ptx/xsl/extract-qrcode.xsl
INFO    : creating URL with content "https://www.youtube.com/watch?v=Mr8LJAPwp1E" as /workspaces/linear-algebra/generated-assets/qrcode/video-EV2.png...
INFO    : QR code creation complete
INFO    : manufacturing QR codes from /workspaces/linear-algebra/source/main.ptx for placement in /workspaces/linear-algebra/generated-assets/qrcode
INFO    : XSL conversion of /workspaces/linear-algebra/source/main.ptx by /root/.ptx/xsl/extract-qrcode.xsl
INFO    : comprehensive messages, warnings, and errors:
INFO    : successful application of /root/.ptx/xsl/extract-qrcode.xsl
INFO    : creating URL with content "https://www.youtube.com/watch?v=EZ9BX1z-H4Y" as /workspaces/linear-algebra/generated-assets/qrcode/video-EV4.png...
INFO    : QR code creation complete
INFO    : manufacturing QR codes from /workspaces/linear-algebra/source/main.ptx for placement in /workspaces/linear-algebra/generated-assets/qrcode
INFO    : XSL conversion of /workspaces/linear-algebra/source/main.ptx by /root/.ptx/xsl/extract-qrcode.xsl
INFO    : comprehensive messages, warnings, and errors:
INFO    : successful application of /root/.ptx/xsl/extract-qrcode.xsl
INFO    : creating URL with content "https://www.youtube.com/watch?v=tkRKPBtkJcw" as /workspaces/linear-algebra/generated-assets/qrcode/video-LE3.png...
INFO    : QR code creation complete
INFO    : manufacturing QR codes from /workspaces/linear-algebra/source/main.ptx for placement in /workspaces/linear-algebra/generated-assets/qrcode
INFO    : XSL conversion of /workspaces/linear-algebra/source/main.ptx by /root/.ptx/xsl/extract-qrcode.xsl
INFO    : comprehensive messages, warnings, and errors:
INFO    : successful application of /root/.ptx/xsl/extract-qrcode.xsl
INFO    : creating URL with content "https://www.youtube.com/watch?v=yrKAM3QhOPk" as /workspaces/linear-algebra/generated-assets/qrcode/video-AT6.png...
INFO    : QR code creation complete
INFO    : manufacturing QR codes from /workspaces/linear-algebra/source/main.ptx for placement in /workspaces/linear-algebra/generated-assets/qrcode
INFO    : XSL conversion of /workspaces/linear-algebra/source/main.ptx by /root/.ptx/xsl/extract-qrcode.xsl
INFO    : comprehensive messages, warnings, and errors:
INFO    : successful application of /root/.ptx/xsl/extract-qrcode.xsl
INFO    : creating URL with content "https://www.youtube.com/watch?v=xEv2I-6obgM" as /workspaces/linear-algebra/generated-assets/qrcode/video-MX1.png...
INFO    : QR code creation complete
INFO    : manufacturing QR codes from /workspaces/linear-algebra/source/main.ptx for placement in /workspaces/linear-algebra/generated-assets/qrcode
INFO    : XSL conversion of /workspaces/linear-algebra/source/main.ptx by /root/.ptx/xsl/extract-qrcode.xsl
INFO    : comprehensive messages, warnings, and errors:
INFO    : successful application of /root/.ptx/xsl/extract-qrcode.xsl
INFO    : creating URL with content "https://www.youtube.com/watch?v=6iGMPpD9Mf8" as /workspaces/linear-algebra/generated-assets/qrcode/video-LE2.png...
INFO    : QR code creation complete
INFO    : Removing temporary directory /tmp/tmpnwsow5e8
INFO    : Removing temporary directory /tmp/tmpytr2udky
INFO    : Removing temporary directory /tmp/tmpdei0hy_r
INFO    : Removing temporary directory /tmp/tmpo3rwf_6o
INFO    : Removing temporary directory /tmp/tmpbjutb_k4
INFO    : Removing temporary directory /tmp/tmpuhsehaqv
INFO    : Removing temporary directory /tmp/tmpk73p4k1l
INFO    : Removing temporary directory /tmp/tmpzbizcky7
INFO    : Removing temporary directory /tmp/tmp4n4865dy
INFO    : Removing temporary directory /tmp/tmp2czdm2ar
INFO    : Removing temporary directory /tmp/tmpj6bdoexz
INFO    : Removing temporary directory /tmp/tmplfvstwrc
INFO    : Removing temporary directory /tmp/tmpdmgv79im
INFO    : Removing temporary directory /tmp/tmpv5cb0rj3
INFO    : Removing temporary directory /tmp/tmp84wu535d
INFO    : Removing temporary directory /tmp/tmp_x2qzud6
INFO    : Removing temporary directory /tmp/tmpue0rmc_b
INFO    : Removing temporary directory /tmp/tmpq2hv072u
INFO    : Removing temporary directory /tmp/tmpi156ihhm
INFO    : Removing temporary directory /tmp/tmpcn06f3ng
INFO    : Removing temporary directory /tmp/tmpys0j3ks8
INFO    : Removing temporary directory /tmp/tmpeq82i6t5
INFO    : Removing temporary directory /tmp/tmpn63v22kv
INFO    : Removing temporary directory /tmp/tmpku6wzhts
INFO    : Removing temporary directory /tmp/tmp6o00qfez
INFO    : Removing temporary directory /tmp/tmpgp_fvjsf
INFO    : Removing temporary directory /tmp/tmppbgj89jv
INFO    : Removing temporary directory /tmp/tmpwwdra9n9
INFO    : Removing temporary directory /tmp/tmp8ajdykl_
INFO    : Removing temporary directory /tmp/tmp64nldmil
INFO    : Removing temporary directory /tmp/tmpo50zd2r3
INFO    : Removing temporary directory /tmp/tmpq7cimwr5
INFO    : Removing temporary directory /tmp/tmp3uxx3ee7
INFO    : Removing temporary directory /tmp/tmp24ku7n0_
INFO    : Removing temporary directory /tmp/tmpxil88a05
INFO    : Removing temporary directory /tmp/tmpfmm058wn
INFO    : Removing temporary directory /tmp/tmpxs5hg37i
INFO    : Removing temporary directory /tmp/tmpjivcfy1b
INFO    : Removing temporary directory /tmp/tmpgx2anyse
INFO    : Removing temporary directory /tmp/tmptmtuitpu
INFO    : Removing temporary directory /tmp/tmpt23v4x0r
INFO    : Removing temporary directory /tmp/tmp1hfkk9l7
INFO    : Removing temporary directory /tmp/tmpybvkw96p
INFO    : Removing temporary directory /tmp/tmponnjcubv
INFO    : Removing temporary directory /tmp/tmphbui8252
INFO    : Removing temporary directory /tmp/tmpxe024j71
INFO    : Removing temporary directory /tmp/tmpm6dmtci9
INFO    : Removing temporary directory /tmp/tmpwnq8tt1b
INFO    : Building with custom xsl /workspaces/linear-algebra/xsl/slides.xsl
INFO    : Preparing to build into /workspaces/linear-algebra/output/slides.
INFO    : discovering source file's directory name: /workspaces/linear-algebra/source
INFO    : verifying and expanding input directory: /workspaces/linear-algebra/source/../generated-assets
INFO    : input directory expanded to absolute path: /workspaces/linear-algebra/generated-assets
INFO    : verifying and expanding input directory: /workspaces/linear-algebra/source/../assets
INFO    : input directory expanded to absolute path: /workspaces/linear-algebra/assets
INFO    : converting /workspaces/linear-algebra/source/main.ptx to LaTeX as /tmp/tmpvuggw50v/main.tex
INFO    : XSL conversion of /workspaces/linear-algebra/source/main.ptx by /tmp/tmp1viutkgm/slides.xsl
INFO    : comprehensive messages, warnings, and errors:
INFO    : successful application of /tmp/tmp1viutkgm/slides.xsl
INFO    : 
Success! Run `pretext view` to see the results.

